<?xml version='1.0' encoding='UTF-8'?>
<testsuite hostname="LoretoVDX-FUK-MBA2.local" name="ExampleSpec" tests="1" errors="0" failures="0" skipped="0" time="0.024" timestamp="2024-07-29T09:46:58">
          <properties>
      <property name="java.specification.version" value="21"/><property name="sun.jnu.encoding" value="UTF-8"/><property name="sun.arch.data.model" value="64"/><property name="java.vendor.url" value="https://aws.amazon.com/corretto/"/><property name="sun.boot.library.path" value="/Users/lbsanchez/.asdf/installs/java/corretto-21.0.1.12.1/lib"/><property name="sun.java.command" value="/Users/lbsanchez/.asdf/installs/sbt/1.9.7/bin/sbt-launch.jar"/><property name="jdk.debug" value="release"/><property name="java.specification.vendor" value="Oracle Corporation"/><property name="java.version.date" value="2023-10-17"/><property name="java.home" value="/Users/lbsanchez/.asdf/installs/java/corretto-21.0.1.12.1"/><property name="file.separator" value="/"/><property name="java.vm.compressedOopsMode" value="Zero based"/><property name="line.separator" value="
"/><property name="java.vm.specification.vendor" value="Oracle Corporation"/><property name="java.specification.name" value="Java Platform API Specification"/><property name="sun.management.compiler" value="HotSpot 64-Bit Tiered Compilers"/><property name="java.runtime.version" value="21.0.1+12-LTS"/><property name="user.name" value="lbsanchez"/><property name="log4j.ignoreTCL" value="true"/><property name="file.encoding" value="UTF-8"/><property name="jnidispatch.path" value="/Users/lbsanchez/Library/Caches/JNA/temp/jna1622381617176110018.tmp"/><property name="java.vendor.version" value="Corretto-21.0.1.12.1"/><property name="jna.loaded" value="true"/><property name="java.io.tmpdir" value="/var/folders/qm/5djzv60n5_gghhsnb43qygvw0000gp/T/"/><property name="java.version" value="21.0.1"/><property name="java.vm.specification.name" value="Java Virtual Machine Specification"/><property name="native.encoding" value="UTF-8"/><property name="java.library.path" value="/Users/lbsanchez/Library/Java/Extensions:/Library/Java/Extensions:/Network/Library/Java/Extensions:/System/Library/Java/Extensions:/usr/lib/java:."/><property name="stderr.encoding" value="UTF-8"/><property name="java.vendor" value="Amazon.com Inc."/><property name="scala.ext.dirs" value="/Users/lbsanchez/.sbt/1.0/java9-rt-ext-amazon_com_inc__21_0_1"/><property name="sun.io.unicode.encoding" value="UnicodeBig"/><property name="socksNonProxyHosts" value="local|*.local|169.254/16|*.169.254/16"/><property name="java.class.path" value="/Users/lbsanchez/.asdf/installs/sbt/1.9.7/bin/sbt-launch.jar"/><property name="java.vm.vendor" value="Amazon.com Inc."/><property name="jline.shutdownhook" value="false"/><property name="user.timezone" value="Asia/Manila"/><property name="java.vm.specification.version" value="21"/><property name="os.name" value="Mac OS X"/><property name="sun.java.launcher" value="SUN_STANDARD"/><property name="user.country" value="PH"/><property name="http.nonProxyHosts" value="local|*.local|169.254/16|*.169.254/16"/><property name="sun.cpu.endian" value="little"/><property name="user.home" value="/Users/lbsanchez"/><property name="user.language" value="en"/><property name="sbt.script" value="/Users/lbsanchez/.asdf/installs/sbt/1.9.7/bin/sbt"/><property name="sbt.ipcsocket.tmpdir" value="/var/folders/qm/5djzv60n5_gghhsnb43qygvw0000gp/T/.sbt32bf73d7/ipcsocket"/><property name="swoval.tmpdir" value="/var/folders/qm/5djzv60n5_gghhsnb43qygvw0000gp/T/.sbt32bf73d7/swoval"/><property name="apple.awt.application.name" value="Boot"/><property name="jline.esc.timeout" value="0"/><property name="ftp.nonProxyHosts" value="local|*.local|169.254/16|*.169.254/16"/><property name="stdout.encoding" value="UTF-8"/><property name="path.separator" value=":"/><property name="os.version" value="12.7.5"/><property name="jna.nosys" value="true"/><property name="java.runtime.name" value="OpenJDK Runtime Environment"/><property name="java.vm.name" value="OpenJDK 64-Bit Server VM"/><property name="jna.platform.library.path" value="/usr/lib:/usr/lib"/><property name="java.vendor.url.bug" value="https://github.com/corretto/corretto-21/issues/"/><property name="user.dir" value="/Users/lbsanchez/Desktop/filesLoreto/my-project"/><property name="os.arch" value="x86_64"/><property name="java.vm.info" value="mixed mode, sharing"/><property name="java.vm.version" value="21.0.1+12-LTS"/><property name="java.class.version" value="65.0"/>
    </properties>
          <testcase classname="ExampleSpec" name="The main object should say hello" time="0.024">
                      
                    </testcase>
          <system-out><![CDATA[]]></system-out>
          <system-err><![CDATA[]]></system-err>
        </testsuite>